[INFO] Scanning for projects...
[INFO] 
[INFO] ------------------------< com.tenten:zimparks >-------------------------
[INFO] Building zimparks 0.0.1-SNAPSHOT
[INFO]   from pom.xml
[INFO] --------------------------------[ jar ]---------------------------------
[INFO] 
[INFO] >>> spring-boot:4.0.3:run (default-cli) > test-compile @ zimparks >>>
[INFO] 
[INFO] --- resources:3.3.1:resources (default-resources) @ zimparks ---
[INFO] Copying 1 resource from src/main/resources to target/classes
[INFO] Copying 5 resources from src/main/resources to target/classes
[INFO] 
[INFO] --- compiler:3.14.1:compile (default-compile) @ zimparks ---
[INFO] Nothing to compile - all classes are up to date.
[INFO] 
[INFO] --- resources:3.3.1:testResources (default-testResources) @ zimparks ---
[INFO] Copying 1 resource from src/test/resources to target/test-classes
[INFO] 
[INFO] --- compiler:3.14.1:testCompile (default-testCompile) @ zimparks ---
[INFO] Nothing to compile - all classes are up to date.
[INFO] 
[INFO] <<< spring-boot:4.0.3:run (default-cli) < test-compile @ zimparks <<<
[INFO] 
[INFO] 
[INFO] --- spring-boot:4.0.3:run (default-cli) @ zimparks ---
[INFO] Attaching agents: []

  .   ____          _            __ _ _
 /\\ / ___'_ __ _ _(_)_ __  __ _ \ \ \ \
( ( )\___ | '_ | '_| | '_ \/ _` | \ \ \ \
 \\/  ___)| |_)| | | | | || (_| |  ) ) ) )
  '  |____| .__|_| |_|_| |_\__, | / / / /
 =========|_|==============|___/=/_/_/_/

 :: Spring Boot ::                (v4.0.3)

2026-03-22T17:57:51.024+02:00  INFO 229302 --- [           main] c.tenten.zimparks.ZimparksApplication    : Starting ZimparksApplication using Java 21.0.10 with PID 229302 (/home/lg/dev_env/checkouts/tentenRepo/zimparks-pos/target/classes started by lg in /home/lg/dev_env/checkouts/tentenRepo/zimparks-pos)
2026-03-22T17:57:51.029+02:00 DEBUG 229302 --- [           main] c.tenten.zimparks.ZimparksApplication    : Running with Spring Boot v4.0.3, Spring v7.0.5
2026-03-22T17:57:51.029+02:00  INFO 229302 --- [           main] c.tenten.zimparks.ZimparksApplication    : No active profile set, falling back to 1 default profile: "default"
2026-03-22T17:57:51.543+02:00  INFO 229302 --- [           main] .s.d.r.c.RepositoryConfigurationDelegate : Bootstrapping Spring Data JPA repositories in DEFAULT mode.
2026-03-22T17:57:51.591+02:00  INFO 229302 --- [           main] .s.d.r.c.RepositoryConfigurationDelegate : Finished Spring Data repository scanning in 42 ms. Found 16 JPA repository interfaces.
2026-03-22T17:57:51.908+02:00  INFO 229302 --- [           main] o.s.boot.tomcat.TomcatWebServer          : Tomcat initialized with port 8081 (http)
2026-03-22T17:57:51.916+02:00  INFO 229302 --- [           main] o.apache.catalina.core.StandardService   : Starting service [Tomcat]
2026-03-22T17:57:51.916+02:00  INFO 229302 --- [           main] o.apache.catalina.core.StandardEngine    : Starting Servlet engine: [Apache Tomcat/11.0.18]
2026-03-22T17:57:51.948+02:00  INFO 229302 --- [           main] b.w.c.s.WebApplicationContextInitializer : Root WebApplicationContext: initialization completed in 885 ms
2026-03-22T17:57:52.037+02:00  INFO 229302 --- [           main] org.hibernate.orm.jpa                    : HHH008540: Processing PersistenceUnitInfo [name: default]
2026-03-22T17:57:52.067+02:00  INFO 229302 --- [           main] org.hibernate.orm.core                   : HHH000001: Hibernate ORM core version 7.2.4.Final
2026-03-22T17:57:52.314+02:00  INFO 229302 --- [           main] o.s.o.j.p.SpringPersistenceUnitInfo      : No LoadTimeWeaver setup: ignoring JPA class transformer
2026-03-22T17:57:52.337+02:00  INFO 229302 --- [           main] com.zaxxer.hikari.HikariDataSource       : HikariPool-1 - Starting...
2026-03-22T17:57:52.543+02:00  INFO 229302 --- [           main] com.zaxxer.hikari.pool.HikariPool        : HikariPool-1 - Added connection org.postgresql.jdbc.PgConnection@7d6019d5
2026-03-22T17:57:52.544+02:00  INFO 229302 --- [           main] com.zaxxer.hikari.HikariDataSource       : HikariPool-1 - Start completed.
2026-03-22T17:57:52.564+02:00  WARN 229302 --- [           main] org.hibernate.orm.deprecation            : HHH90000025: PostgreSQLDialect does not need to be specified explicitly using 'hibernate.dialect' (remove the property setting and it will be selected by default)
2026-03-22T17:57:52.578+02:00  INFO 229302 --- [           main] org.hibernate.orm.connections.pooling    : HHH10001005: Database info:
	Database JDBC URL [jdbc:postgresql://localhost:5432/zimparks_pos2]
	Database driver: PostgreSQL JDBC Driver
	Database dialect: PostgreSQLDialect
	Database version: 14.22
	Default catalog/schema: zimparks_pos2/public
	Autocommit mode: undefined/unknown
	Isolation level: READ_COMMITTED [default READ_COMMITTED]
	JDBC fetch size: none
	Pool: DataSourceConnectionProvider
	Minimum pool size: undefined/unknown
	Maximum pool size: undefined/unknown
2026-03-22T17:57:53.343+02:00  INFO 229302 --- [           main] org.hibernate.orm.core                   : HHH000489: No JTA platform available (set 'hibernate.transaction.jta.platform' to enable JTA platform integration)
2026-03-22T17:57:53.347+02:00  INFO 229302 --- [           main] j.LocalContainerEntityManagerFactoryBean : Initialized JPA EntityManagerFactory for persistence unit 'default'
2026-03-22T17:57:53.396+02:00  INFO 229302 --- [           main] o.s.d.j.r.query.QueryEnhancerFactories   : Hibernate is in classpath; If applicable, HQL parser will be used.
2026-03-22T17:57:53.624+02:00 DEBUG 229302 --- [           main] c.t.zimparks.activity.ActivityLogFilter  : Filter 'activityLogFilter' configured for use
2026-03-22T17:57:53.624+02:00 DEBUG 229302 --- [           main] com.tenten.zimparks.config.JwtFilter     : Filter 'jwtFilter' configured for use
2026-03-22T17:57:53.670+02:00  INFO 229302 --- [           main] eAuthenticationProviderManagerConfigurer : Global AuthenticationManager configured with AuthenticationProvider bean with name authenticationProvider
2026-03-22T17:57:53.670+02:00  WARN 229302 --- [           main] r$InitializeUserDetailsManagerConfigurer : Global AuthenticationManager configured with an AuthenticationProvider bean. UserDetailsService beans will not be used by Spring Security for automatically configuring username/password login. Consider removing the AuthenticationProvider bean. Alternatively, consider using the UserDetailsService in a manually instantiated DaoAuthenticationProvider. If the current configuration is intentional, to turn off this warning, increase the logging level of 'org.springframework.security.config.annotation.authentication.configuration.InitializeUserDetailsBeanManagerConfigurer' to ERROR
2026-03-22T17:57:53.983+02:00  WARN 229302 --- [           main] JpaBaseConfiguration$JpaWebConfiguration : spring.jpa.open-in-view is enabled by default. Therefore, database queries may be performed during view rendering. Explicitly configure spring.jpa.open-in-view to disable this warning
2026-03-22T17:57:54.182+02:00 DEBUG 229302 --- [           main] o.s.s.web.DefaultSecurityFilterChain     : Will secure any request with filters: DisableEncodeUrlFilter, WebAsyncManagerIntegrationFilter, SecurityContextHolderFilter, HeaderWriterFilter, CorsFilter, LogoutFilter, JwtFilter, ActivityLogFilter, RequestCacheAwareFilter, SecurityContextHolderAwareRequestFilter, AnonymousAuthenticationFilter, SessionManagementFilter, ExceptionTranslationFilter, AuthorizationFilter
2026-03-22T17:57:54.321+02:00 DEBUG 229302 --- [           main] s.w.s.m.m.a.RequestMappingHandlerMapping : 78 mappings in 'requestMappingHandlerMapping'
2026-03-22T17:57:54.353+02:00 DEBUG 229302 --- [           main] o.s.w.s.handler.SimpleUrlHandlerMapping  : Patterns [/webjars/**, /**, /swagger-ui*/*swagger-initializer.js, /swagger-ui*/**] in 'resourceHandlerMapping'
2026-03-22T17:57:54.377+02:00 DEBUG 229302 --- [           main] s.w.s.m.m.a.RequestMappingHandlerAdapter : ControllerAdvice beans: 0 @ModelAttribute, 0 @InitBinder, 2 RequestBodyAdvice, 1 ResponseBodyAdvice
2026-03-22T17:57:54.414+02:00 DEBUG 229302 --- [           main] .m.m.a.ExceptionHandlerExceptionResolver : ControllerAdvice beans: 2 @ExceptionHandler, 1 ResponseBodyAdvice
2026-03-22T17:57:54.531+02:00  INFO 229302 --- [           main] o.s.boot.tomcat.TomcatWebServer          : Tomcat started on port 8081 (http) with context path '/'
2026-03-22T17:57:54.536+02:00  INFO 229302 --- [           main] c.tenten.zimparks.ZimparksApplication    : Started ZimparksApplication in 3.74 seconds (process running for 3.962)
2026-03-22T17:57:54.544+02:00  WARN 229302 --- [           main] c.t.zimparks.config.DataSeedInitializer  : Could not drop user_permissions_permission_check constraint; it might not exist or another error occurred: StatementCallback; bad SQL grammar [ALTER TABLE user_permissions DROP CONSTRAINT IF EXISTS user_permissions_permission_check]
2026-03-22T17:57:54.555+02:00 ERROR 229302 --- [           main] o.s.boot.SpringApplication               : Application run failed

org.springframework.jdbc.BadSqlGrammarException: StatementCallback; bad SQL grammar [SELECT COUNT(*) FROM users]
	at org.springframework.jdbc.support.SQLStateSQLExceptionTranslator.doTranslate(SQLStateSQLExceptionTranslator.java:134) ~[spring-jdbc-7.0.5.jar:7.0.5]
	at org.springframework.jdbc.support.AbstractFallbackSQLExceptionTranslator.translate(AbstractFallbackSQLExceptionTranslator.java:102) ~[spring-jdbc-7.0.5.jar:7.0.5]
	at org.springframework.jdbc.support.AbstractFallbackSQLExceptionTranslator.translate(AbstractFallbackSQLExceptionTranslator.java:111) ~[spring-jdbc-7.0.5.jar:7.0.5]
	at org.springframework.jdbc.core.JdbcTemplate.translateException(JdbcTemplate.java:1549) ~[spring-jdbc-7.0.5.jar:7.0.5]
	at org.springframework.jdbc.core.JdbcTemplate.execute(JdbcTemplate.java:427) ~[spring-jdbc-7.0.5.jar:7.0.5]
	at org.springframework.jdbc.core.JdbcTemplate.query(JdbcTemplate.java:491) ~[spring-jdbc-7.0.5.jar:7.0.5]
	at org.springframework.jdbc.core.JdbcTemplate.query(JdbcTemplate.java:501) ~[spring-jdbc-7.0.5.jar:7.0.5]
	at org.springframework.jdbc.core.JdbcTemplate.queryForObject(JdbcTemplate.java:533) ~[spring-jdbc-7.0.5.jar:7.0.5]
	at org.springframework.jdbc.core.JdbcTemplate.queryForObject(JdbcTemplate.java:539) ~[spring-jdbc-7.0.5.jar:7.0.5]
	at com.tenten.zimparks.config.DataSeedInitializer.seedIfNeeded(DataSeedInitializer.java:42) ~[classes/:na]
	at java.base/jdk.internal.reflect.DirectMethodHandleAccessor.invoke(DirectMethodHandleAccessor.java:103) ~[na:na]
	at java.base/java.lang.reflect.Method.invoke(Method.java:580) ~[na:na]
	at org.springframework.context.event.ApplicationListenerMethodAdapter.doInvoke(ApplicationListenerMethodAdapter.java:375) ~[spring-context-7.0.5.jar:7.0.5]
	at org.springframework.context.event.ApplicationListenerMethodAdapter.processEvent(ApplicationListenerMethodAdapter.java:252) ~[spring-context-7.0.5.jar:7.0.5]
	at org.springframework.context.event.ApplicationListenerMethodAdapter.onApplicationEvent(ApplicationListenerMethodAdapter.java:171) ~[spring-context-7.0.5.jar:7.0.5]
	at org.springframework.context.event.SimpleApplicationEventMulticaster.doInvokeListener(SimpleApplicationEventMulticaster.java:180) ~[spring-context-7.0.5.jar:7.0.5]
	at org.springframework.context.event.SimpleApplicationEventMulticaster.invokeListener(SimpleApplicationEventMulticaster.java:173) ~[spring-context-7.0.5.jar:7.0.5]
	at org.springframework.context.event.SimpleApplicationEventMulticaster.multicastEvent(SimpleApplicationEventMulticaster.java:151) ~[spring-context-7.0.5.jar:7.0.5]
	at org.springframework.context.support.AbstractApplicationContext.publishEvent(AbstractApplicationContext.java:448) ~[spring-context-7.0.5.jar:7.0.5]
	at org.springframework.context.support.AbstractApplicationContext.publishEvent(AbstractApplicationContext.java:381) ~[spring-context-7.0.5.jar:7.0.5]
	at org.springframework.boot.context.event.EventPublishingRunListener.ready(EventPublishingRunListener.java:110) ~[spring-boot-4.0.3.jar:4.0.3]
	at org.springframework.boot.SpringApplicationRunListeners.lambda$ready$0(SpringApplicationRunListeners.java:82) ~[spring-boot-4.0.3.jar:4.0.3]
	at java.base/java.lang.Iterable.forEach(Iterable.java:75) ~[na:na]
	at org.springframework.boot.SpringApplicationRunListeners.doWithListeners(SpringApplicationRunListeners.java:123) ~[spring-boot-4.0.3.jar:4.0.3]
	at org.springframework.boot.SpringApplicationRunListeners.doWithListeners(SpringApplicationRunListeners.java:117) ~[spring-boot-4.0.3.jar:4.0.3]
	at org.springframework.boot.SpringApplicationRunListeners.ready(SpringApplicationRunListeners.java:82) ~[spring-boot-4.0.3.jar:4.0.3]
	at org.springframework.boot.SpringApplication.run(SpringApplication.java:335) ~[spring-boot-4.0.3.jar:4.0.3]
	at org.springframework.boot.SpringApplication.run(SpringApplication.java:1365) ~[spring-boot-4.0.3.jar:4.0.3]
	at org.springframework.boot.SpringApplication.run(SpringApplication.java:1354) ~[spring-boot-4.0.3.jar:4.0.3]
	at com.tenten.zimparks.ZimparksApplication.main(ZimparksApplication.java:10) ~[classes/:na]
Caused by: org.postgresql.util.PSQLException: ERROR: relation "users" does not exist
  Position: 22
	at org.postgresql.core.v3.QueryExecutorImpl.receiveErrorResponse(QueryExecutorImpl.java:2875) ~[postgresql-42.7.10.jar:42.7.10]
	at org.postgresql.core.v3.QueryExecutorImpl.processResults(QueryExecutorImpl.java:2560) ~[postgresql-42.7.10.jar:42.7.10]
	at org.postgresql.core.v3.QueryExecutorImpl.execute(QueryExecutorImpl.java:429) ~[postgresql-42.7.10.jar:42.7.10]
	at org.postgresql.jdbc.PgStatement.executeInternal(PgStatement.java:526) ~[postgresql-42.7.10.jar:42.7.10]
	at org.postgresql.jdbc.PgStatement.execute(PgStatement.java:436) ~[postgresql-42.7.10.jar:42.7.10]
	at org.postgresql.jdbc.PgStatement.executeWithFlags(PgStatement.java:358) ~[postgresql-42.7.10.jar:42.7.10]
	at org.postgresql.jdbc.PgStatement.executeCachedSql(PgStatement.java:343) ~[postgresql-42.7.10.jar:42.7.10]
	at org.postgresql.jdbc.PgStatement.executeWithFlags(PgStatement.java:319) ~[postgresql-42.7.10.jar:42.7.10]
	at org.postgresql.jdbc.PgStatement.executeQuery(PgStatement.java:269) ~[postgresql-42.7.10.jar:42.7.10]
	at com.zaxxer.hikari.pool.ProxyStatement.executeQuery(ProxyStatement.java:111) ~[HikariCP-7.0.2.jar:na]
	at com.zaxxer.hikari.pool.HikariProxyStatement.executeQuery(HikariProxyStatement.java) ~[HikariCP-7.0.2.jar:na]
	at org.springframework.jdbc.core.JdbcTemplate$1QueryStatementCallback.doInStatement(JdbcTemplate.java:478) ~[spring-jdbc-7.0.5.jar:7.0.5]
	at org.springframework.jdbc.core.JdbcTemplate.execute(JdbcTemplate.java:412) ~[spring-jdbc-7.0.5.jar:7.0.5]
	... 25 common frames omitted

2026-03-22T17:57:54.561+02:00  INFO 229302 --- [           main] o.s.boot.tomcat.GracefulShutdown         : Commencing graceful shutdown. Waiting for active requests to complete
2026-03-22T17:57:54.562+02:00  INFO 229302 --- [tomcat-shutdown] o.s.boot.tomcat.GracefulShutdown         : Graceful shutdown complete
2026-03-22T17:57:54.568+02:00  INFO 229302 --- [           main] j.LocalContainerEntityManagerFactoryBean : Closing JPA EntityManagerFactory for persistence unit 'default'
2026-03-22T17:57:54.570+02:00  INFO 229302 --- [           main] com.zaxxer.hikari.HikariDataSource       : HikariPool-1 - Shutdown initiated...
2026-03-22T17:57:54.576+02:00  INFO 229302 --- [           main] com.zaxxer.hikari.HikariDataSource       : HikariPool-1 - Shutdown completed.
[INFO] ------------------------------------------------------------------------
[INFO] BUILD FAILURE
[INFO] ------------------------------------------------------------------------
[INFO] Total time:  5.483 s
[INFO] Finished at: 2026-03-22T17:57:54+02:00
[INFO] ------------------------------------------------------------------------
[ERROR] Failed to execute goal org.springframework.boot:spring-boot-maven-plugin:4.0.3:run (default-cli) on project zimparks: Process terminated with exit code: 1 -> [Help 1]
[ERROR] 
[ERROR] To see the full stack trace of the errors, re-run Maven with the -e switch.
[ERROR] Re-run Maven using the -X switch to enable full debug logging.
[ERROR] 
[ERROR] For more information about the errors and possible solutions, please read the following articles:
[ERROR] [Help 1] http://cwiki.apache.org/confluence/display/MAVEN/MojoExecutionException
