[INFO] Scanning for projects...
[INFO] 
[INFO] ------------------------< com.tenten:zimparks >-------------------------
[INFO] Building zimparks 0.0.1-SNAPSHOT
[INFO]   from pom.xml
[INFO] --------------------------------[ jar ]---------------------------------
[INFO] 
[INFO] >>> spring-boot:4.0.3:run (default-cli) > test-compile @ zimparks >>>
[INFO] 
[INFO] --- resources:3.3.1:resources (default-resources) @ zimparks ---
[INFO] Copying 1 resource from src/main/resources to target/classes
[INFO] Copying 5 resources from src/main/resources to target/classes
[INFO] 
[INFO] --- compiler:3.14.1:compile (default-compile) @ zimparks ---
[INFO] Nothing to compile - all classes are up to date.
[INFO] 
[INFO] --- resources:3.3.1:testResources (default-testResources) @ zimparks ---
[INFO] Copying 1 resource from src/test/resources to target/test-classes
[INFO] 
[INFO] --- compiler:3.14.1:testCompile (default-testCompile) @ zimparks ---
[INFO] Nothing to compile - all classes are up to date.
[INFO] 
[INFO] <<< spring-boot:4.0.3:run (default-cli) < test-compile @ zimparks <<<
[INFO] 
[INFO] 
[INFO] --- spring-boot:4.0.3:run (default-cli) @ zimparks ---
[INFO] Attaching agents: []

  .   ____          _            __ _ _
 /\\ / ___'_ __ _ _(_)_ __  __ _ \ \ \ \
( ( )\___ | '_ | '_| | '_ \/ _` | \ \ \ \
 \\/  ___)| |_)| | | | | || (_| |  ) ) ) )
  '  |____| .__|_| |_|_| |_\__, | / / / /
 =========|_|==============|___/=/_/_/_/

 :: Spring Boot ::                (v4.0.3)

2026-03-22T17:59:05.154+02:00  INFO 230874 --- [           main] c.tenten.zimparks.ZimparksApplication    : Starting ZimparksApplication using Java 21.0.10 with PID 230874 (/home/lg/dev_env/checkouts/tentenRepo/zimparks-pos/target/classes started by lg in /home/lg/dev_env/checkouts/tentenRepo/zimparks-pos)
2026-03-22T17:59:05.160+02:00 DEBUG 230874 --- [           main] c.tenten.zimparks.ZimparksApplication    : Running with Spring Boot v4.0.3, Spring v7.0.5
2026-03-22T17:59:05.161+02:00  INFO 230874 --- [           main] c.tenten.zimparks.ZimparksApplication    : No active profile set, falling back to 1 default profile: "default"
2026-03-22T17:59:05.730+02:00  INFO 230874 --- [           main] .s.d.r.c.RepositoryConfigurationDelegate : Bootstrapping Spring Data JPA repositories in DEFAULT mode.
2026-03-22T17:59:05.795+02:00  INFO 230874 --- [           main] .s.d.r.c.RepositoryConfigurationDelegate : Finished Spring Data repository scanning in 58 ms. Found 16 JPA repository interfaces.
2026-03-22T17:59:06.183+02:00  INFO 230874 --- [           main] o.s.boot.tomcat.TomcatWebServer          : Tomcat initialized with port 8081 (http)
2026-03-22T17:59:06.191+02:00  INFO 230874 --- [           main] o.apache.catalina.core.StandardService   : Starting service [Tomcat]
2026-03-22T17:59:06.192+02:00  INFO 230874 --- [           main] o.apache.catalina.core.StandardEngine    : Starting Servlet engine: [Apache Tomcat/11.0.18]
2026-03-22T17:59:06.232+02:00  INFO 230874 --- [           main] b.w.c.s.WebApplicationContextInitializer : Root WebApplicationContext: initialization completed in 1029 ms
2026-03-22T17:59:06.333+02:00  INFO 230874 --- [           main] org.hibernate.orm.jpa                    : HHH008540: Processing PersistenceUnitInfo [name: default]
2026-03-22T17:59:06.362+02:00  INFO 230874 --- [           main] org.hibernate.orm.core                   : HHH000001: Hibernate ORM core version 7.2.4.Final
2026-03-22T17:59:06.613+02:00  INFO 230874 --- [           main] o.s.o.j.p.SpringPersistenceUnitInfo      : No LoadTimeWeaver setup: ignoring JPA class transformer
2026-03-22T17:59:06.634+02:00  INFO 230874 --- [           main] com.zaxxer.hikari.HikariDataSource       : HikariPool-1 - Starting...
2026-03-22T17:59:06.840+02:00  INFO 230874 --- [           main] com.zaxxer.hikari.pool.HikariPool        : HikariPool-1 - Added connection org.postgresql.jdbc.PgConnection@7d6019d5
2026-03-22T17:59:06.841+02:00  INFO 230874 --- [           main] com.zaxxer.hikari.HikariDataSource       : HikariPool-1 - Start completed.
2026-03-22T17:59:06.862+02:00  WARN 230874 --- [           main] org.hibernate.orm.deprecation            : HHH90000025: PostgreSQLDialect does not need to be specified explicitly using 'hibernate.dialect' (remove the property setting and it will be selected by default)
2026-03-22T17:59:06.877+02:00  INFO 230874 --- [           main] org.hibernate.orm.connections.pooling    : HHH10001005: Database info:
	Database JDBC URL [jdbc:postgresql://localhost:5432/zimparks_pos2]
	Database driver: PostgreSQL JDBC Driver
	Database dialect: PostgreSQLDialect
	Database version: 14.22
	Default catalog/schema: zimparks_pos2/public
	Autocommit mode: undefined/unknown
	Isolation level: READ_COMMITTED [default READ_COMMITTED]
	JDBC fetch size: none
	Pool: DataSourceConnectionProvider
	Minimum pool size: undefined/unknown
	Maximum pool size: undefined/unknown
2026-03-22T17:59:07.727+02:00  INFO 230874 --- [           main] org.hibernate.orm.core                   : HHH000489: No JTA platform available (set 'hibernate.transaction.jta.platform' to enable JTA platform integration)
2026-03-22T17:59:07.881+02:00  WARN 230874 --- [           main] org.hibernate.orm.jdbc.warn              : HHH000247: ErrorCode: 0, SQLState: 00000
2026-03-22T17:59:07.881+02:00  WARN 230874 --- [           main] org.hibernate.orm.jdbc.warn              : constraint "ukexikpdc7hc9dvqjxp3mcbaje5" of relation "fiscal_devices" does not exist, skipping
2026-03-22T17:59:07.887+02:00  WARN 230874 --- [           main] org.hibernate.orm.jdbc.warn              : HHH000247: ErrorCode: 0, SQLState: 00000
2026-03-22T17:59:07.887+02:00  WARN 230874 --- [           main] org.hibernate.orm.jdbc.warn              : constraint "uk4fpcsj6wi2qy0prbp84wqrro6" of relation "users" does not exist, skipping
2026-03-22T17:59:07.892+02:00  WARN 230874 --- [           main] org.hibernate.orm.jdbc.warn              : HHH000247: ErrorCode: 0, SQLState: 00000
2026-03-22T17:59:07.892+02:00  WARN 230874 --- [           main] org.hibernate.orm.jdbc.warn              : constraint "ukr43af9ap4edm43mmtq01oddj6" of relation "users" does not exist, skipping
2026-03-22T17:59:07.923+02:00  INFO 230874 --- [           main] j.LocalContainerEntityManagerFactoryBean : Initialized JPA EntityManagerFactory for persistence unit 'default'
2026-03-22T17:59:07.982+02:00  INFO 230874 --- [           main] o.s.d.j.r.query.QueryEnhancerFactories   : Hibernate is in classpath; If applicable, HQL parser will be used.
2026-03-22T17:59:08.227+02:00 DEBUG 230874 --- [           main] c.t.zimparks.activity.ActivityLogFilter  : Filter 'activityLogFilter' configured for use
2026-03-22T17:59:08.227+02:00 DEBUG 230874 --- [           main] com.tenten.zimparks.config.JwtFilter     : Filter 'jwtFilter' configured for use
2026-03-22T17:59:08.277+02:00  INFO 230874 --- [           main] eAuthenticationProviderManagerConfigurer : Global AuthenticationManager configured with AuthenticationProvider bean with name authenticationProvider
2026-03-22T17:59:08.278+02:00  WARN 230874 --- [           main] r$InitializeUserDetailsManagerConfigurer : Global AuthenticationManager configured with an AuthenticationProvider bean. UserDetailsService beans will not be used by Spring Security for automatically configuring username/password login. Consider removing the AuthenticationProvider bean. Alternatively, consider using the UserDetailsService in a manually instantiated DaoAuthenticationProvider. If the current configuration is intentional, to turn off this warning, increase the logging level of 'org.springframework.security.config.annotation.authentication.configuration.InitializeUserDetailsBeanManagerConfigurer' to ERROR
2026-03-22T17:59:08.613+02:00  WARN 230874 --- [           main] JpaBaseConfiguration$JpaWebConfiguration : spring.jpa.open-in-view is enabled by default. Therefore, database queries may be performed during view rendering. Explicitly configure spring.jpa.open-in-view to disable this warning
2026-03-22T17:59:08.787+02:00 DEBUG 230874 --- [           main] o.s.s.web.DefaultSecurityFilterChain     : Will secure any request with filters: DisableEncodeUrlFilter, WebAsyncManagerIntegrationFilter, SecurityContextHolderFilter, HeaderWriterFilter, CorsFilter, LogoutFilter, JwtFilter, ActivityLogFilter, RequestCacheAwareFilter, SecurityContextHolderAwareRequestFilter, AnonymousAuthenticationFilter, SessionManagementFilter, ExceptionTranslationFilter, AuthorizationFilter
2026-03-22T17:59:08.920+02:00 DEBUG 230874 --- [           main] s.w.s.m.m.a.RequestMappingHandlerMapping : 78 mappings in 'requestMappingHandlerMapping'
2026-03-22T17:59:08.951+02:00 DEBUG 230874 --- [           main] o.s.w.s.handler.SimpleUrlHandlerMapping  : Patterns [/webjars/**, /**, /swagger-ui*/*swagger-initializer.js, /swagger-ui*/**] in 'resourceHandlerMapping'
2026-03-22T17:59:08.973+02:00 DEBUG 230874 --- [           main] s.w.s.m.m.a.RequestMappingHandlerAdapter : ControllerAdvice beans: 0 @ModelAttribute, 0 @InitBinder, 2 RequestBodyAdvice, 1 ResponseBodyAdvice
2026-03-22T17:59:09.006+02:00 DEBUG 230874 --- [           main] .m.m.a.ExceptionHandlerExceptionResolver : ControllerAdvice beans: 2 @ExceptionHandler, 1 ResponseBodyAdvice
2026-03-22T17:59:09.118+02:00  INFO 230874 --- [           main] o.s.boot.tomcat.TomcatWebServer          : Tomcat started on port 8081 (http) with context path '/'
2026-03-22T17:59:09.122+02:00  INFO 230874 --- [           main] c.tenten.zimparks.ZimparksApplication    : Started ZimparksApplication in 4.222 seconds (process running for 4.454)
2026-03-22T17:59:09.130+02:00  INFO 230874 --- [           main] c.t.zimparks.config.DataSeedInitializer  : Ensured user_permissions_permission_check constraint is dropped to allow enum expansion.
2026-03-22T17:59:09.375+02:00  INFO 230874 --- [           main] c.t.zimparks.config.DataSeedInitializer  : Seeded database using data.sql
